<?xml version="1.0" encoding="UTF-8"?>
<testsuite xmlns:xsi="http://www.w3.org/2001/XMLSchema-instance" xsi:schemaLocation="https://maven.apache.org/surefire/maven-surefire-plugin/xsd/surefire-test-report.xsd" name="com.dir.inno.normalizacion_pdfs.LectorPDFImpreso47VTest" time="6.906" tests="22" errors="0" skipped="0" failures="0">
  <properties>
    <property name="java.runtime.name" value="Java(TM) SE Runtime Environment"/>
    <property name="sun.boot.library.path" value="C:\Program Files\Java\jdk1.8.0_201\jre\bin"/>
    <property name="java.vm.version" value="25.201-b09"/>
    <property name="java.vm.vendor" value="Oracle Corporation"/>
    <property name="maven.multiModuleProjectDirectory" value="D:\Netbeans\Proyectos\pdfTest"/>
    <property name="java.vendor.url" value="http://java.oracle.com/"/>
    <property name="path.separator" value=";"/>
    <property name="guice.disable.misplaced.annotation.check" value="true"/>
    <property name="java.vm.name" value="Java HotSpot(TM) 64-Bit Server VM"/>
    <property name="file.encoding.pkg" value="sun.io"/>
    <property name="user.script" value=""/>
    <property name="user.country" value="AR"/>
    <property name="sun.java.launcher" value="SUN_STANDARD"/>
    <property name="sun.os.patch.level" value=""/>
    <property name="test" value="com.dir.inno.normalizacion_pdfs.LectorPDFImpreso47VTest"/>
    <property name="java.vm.specification.name" value="Java Virtual Machine Specification"/>
    <property name="user.dir" value="D:\Netbeans\Proyectos\pdfTest"/>
    <property name="java.runtime.version" value="1.8.0_201-b09"/>
    <property name="java.awt.graphicsenv" value="sun.awt.Win32GraphicsEnvironment"/>
    <property name="java.endorsed.dirs" value="C:\Program Files\Java\jdk1.8.0_201\jre\lib\endorsed"/>
    <property name="os.arch" value="amd64"/>
    <property name="java.io.tmpdir" value="C:\Users\MODERN~1\AppData\Local\Temp\"/>
    <property name="line.separator" value="&#10;"/>
    <property name="java.vm.specification.vendor" value="Oracle Corporation"/>
    <property name="user.variant" value=""/>
    <property name="os.name" value="Windows 10"/>
    <property name="maven.ext.class.path" value="D:\Netbeans\netbeans\java\maven-nblib\netbeans-eventspy.jar"/>
    <property name="classworlds.conf" value="D:\Netbeans\netbeans\java\maven\bin\m2.conf"/>
    <property name="sun.jnu.encoding" value="Cp1252"/>
    <property name="java.library.path" value="C:\Program Files\Java\jdk1.8.0_201\bin;C:\Windows\Sun\Java\bin;C:\Windows\system32;C:\Windows;C:\Program Files (x86)\Common Files\Oracle\Java\javapath;C:\Program Files\AdoptOpenJDK\jdk-11.0.2+9\bin;C:\Program Files\AdoptOpenJDK\jdk-11.0.2+9-jre\bin;C:\Windows\system32;C:\Windows;C:\Windows\System32\Wbem;C:\Windows\System32\WindowsPowerShell\v1.0\;C:\Program Files\TortoiseSVN\bin;C:\Program Files\Git\cmd;C:\Program Files (x86)\Inno Setup 5;C:\Program Files\dotnet\;C:\Program Files\Microsoft SQL Server\130\Tools\Binn\;C:\Program Files\Microsoft SQL Server\Client SDK\ODBC\170\Tools\Binn\;C:\Users\MODERNIZACION04\AppData\Local\Microsoft\WindowsApps;;C:\Users\MODERNIZACION04\AppData\Local\Programs\Microsoft VS Code\bin;."/>
    <property name="java.specification.name" value="Java Platform API Specification"/>
    <property name="java.class.version" value="52.0"/>
    <property name="sun.management.compiler" value="HotSpot 64-Bit Tiered Compilers"/>
    <property name="os.version" value="10.0"/>
    <property name="user.home" value="C:\Users\MODERNIZACION04"/>
    <property name="user.timezone" value="America/Buenos_Aires"/>
    <property name="java.awt.printerjob" value="sun.awt.windows.WPrinterJob"/>
    <property name="java.specification.version" value="1.8"/>
    <property name="file.encoding" value="UTF-8"/>
    <property name="java.net.useSystemProxies" value="true;-Djava.net.preferIPv4Stack=true"/>
    <property name="user.name" value="MODERNIZACION04"/>
    <property name="java.class.path" value="D:\Netbeans\netbeans\java\maven\boot\plexus-classworlds-2.5.2.jar"/>
    <property name="java.vm.specification.version" value="1.8"/>
    <property name="sun.arch.data.model" value="64"/>
    <property name="java.home" value="C:\Program Files\Java\jdk1.8.0_201\jre"/>
    <property name="sun.java.command" value="org.codehaus.plexus.classworlds.launcher.Launcher -Dtest=com.dir.inno.normalizacion_pdfs.LectorPDFImpreso47VTest -Dmaven.ext.class.path=D:\Netbeans\netbeans\java\maven-nblib\netbeans-eventspy.jar -Dfile.encoding=UTF-8 -Djava.net.useSystemProxies=true;-Djava.net.preferIPv4Stack=true surefire:test"/>
    <property name="java.specification.vendor" value="Oracle Corporation"/>
    <property name="user.language" value="es"/>
    <property name="awt.toolkit" value="sun.awt.windows.WToolkit"/>
    <property name="java.vm.info" value="mixed mode"/>
    <property name="java.version" value="1.8.0_201"/>
    <property name="java.ext.dirs" value="C:\Program Files\Java\jdk1.8.0_201\jre\lib\ext;C:\Windows\Sun\Java\lib\ext"/>
    <property name="sun.boot.class.path" value="C:\Program Files\Java\jdk1.8.0_201\jre\lib\resources.jar;C:\Program Files\Java\jdk1.8.0_201\jre\lib\rt.jar;C:\Program Files\Java\jdk1.8.0_201\jre\lib\sunrsasign.jar;C:\Program Files\Java\jdk1.8.0_201\jre\lib\jsse.jar;C:\Program Files\Java\jdk1.8.0_201\jre\lib\jce.jar;C:\Program Files\Java\jdk1.8.0_201\jre\lib\charsets.jar;C:\Program Files\Java\jdk1.8.0_201\jre\lib\jfr.jar;C:\Program Files\Java\jdk1.8.0_201\jre\classes"/>
    <property name="java.vendor" value="Oracle Corporation"/>
    <property name="maven.home" value="D:\Netbeans\netbeans\java\maven"/>
    <property name="file.separator" value="\"/>
    <property name="java.vendor.url.bug" value="http://bugreport.sun.com/bugreport/"/>
    <property name="sun.cpu.endian" value="little"/>
    <property name="sun.io.unicode.encoding" value="UnicodeLittle"/>
    <property name="sun.desktop" value="windows"/>
    <property name="sun.cpu.isalist" value="amd64"/>
  </properties>
  <testcase name="testObtenerPartidasInm" classname="com.dir.inno.normalizacion_pdfs.LectorPDFImpreso47VTest" time="1.281"/>
  <testcase name="testObtenerDatosPlantaCatAmb" classname="com.dir.inno.normalizacion_pdfs.LectorPDFImpreso47VTest" time="0.453"/>
  <testcase name="testobtenerInmueblesAnexos" classname="com.dir.inno.normalizacion_pdfs.LectorPDFImpreso47VTest" time="0.406"/>
  <testcase name="testobtenerDomRealPlanta" classname="com.dir.inno.normalizacion_pdfs.LectorPDFImpreso47VTest" time="0.375"/>
  <testcase name="testobtenerEmisionGasCombustion" classname="com.dir.inno.normalizacion_pdfs.LectorPDFImpreso47VTest" time="0.297"/>
  <testcase name="testObtenerInsumos" classname="com.dir.inno.normalizacion_pdfs.LectorPDFImpreso47VTest" time="0.25"/>
  <testcase name="testObtenerAdministradores" classname="com.dir.inno.normalizacion_pdfs.LectorPDFImpreso47VTest" time="0.266"/>
  <testcase name="testobtenerEmisionGaseosaNatural" classname="com.dir.inno.normalizacion_pdfs.LectorPDFImpreso47VTest" time="0.266"/>
  <testcase name="testObtenerDomicilioConst" classname="com.dir.inno.normalizacion_pdfs.LectorPDFImpreso47VTest" time="0.234"/>
  <testcase name="testObtenerDomicilioLegal" classname="com.dir.inno.normalizacion_pdfs.LectorPDFImpreso47VTest" time="0.266"/>
  <testcase name="testObtenerDomicilioReal" classname="com.dir.inno.normalizacion_pdfs.LectorPDFImpreso47VTest" time="0.234"/>
  <testcase name="testobtenerFormacionDePersonal" classname="com.dir.inno.normalizacion_pdfs.LectorPDFImpreso47VTest" time="0.234"/>
  <testcase name="testobtenerDimensionamiento" classname="com.dir.inno.normalizacion_pdfs.LectorPDFImpreso47VTest" time="0.219"/>
  <testcase name="testobtenerArchivosLayOut" classname="com.dir.inno.normalizacion_pdfs.LectorPDFImpreso47VTest" time="0.25"/>
  <testcase name="testobtenerEmisionGasNoContemplado" classname="com.dir.inno.normalizacion_pdfs.LectorPDFImpreso47VTest" time="0.25"/>
  <testcase name="testobtenerSustAuxiliares" classname="com.dir.inno.normalizacion_pdfs.LectorPDFImpreso47VTest" time="0.234"/>
  <testcase name="testObtenerSubproductos" classname="com.dir.inno.normalizacion_pdfs.LectorPDFImpreso47VTest" time="0.235"/>
  <testcase name="testObtenerPlantasFueraProv" classname="com.dir.inno.normalizacion_pdfs.LectorPDFImpreso47VTest" time="0.219"/>
  <testcase name="testObtenerMateriasPrimas" classname="com.dir.inno.normalizacion_pdfs.LectorPDFImpreso47VTest" time="0.25"/>
  <testcase name="testObtenerNomina" classname="com.dir.inno.normalizacion_pdfs.LectorPDFImpreso47VTest" time="0.218"/>
  <testcase name="testObtenerEfluenteNoPeligroso" classname="com.dir.inno.normalizacion_pdfs.LectorPDFImpreso47VTest" time="0.235"/>
  <testcase name="testObtenerProductos" classname="com.dir.inno.normalizacion_pdfs.LectorPDFImpreso47VTest" time="0.218"/>
</testsuite>