<?xml version="1.0" encoding="UTF-8"?>
<testsuite xmlns:xsi="http://www.w3.org/2001/XMLSchema-instance" xsi:schemaLocation="https://maven.apache.org/surefire/maven-surefire-plugin/xsd/surefire-test-report.xsd" name="com.dir.inno.normalizacion_pdfs.LectorPDFImpreso47Test" time="0.016" tests="8" errors="0" skipped="0" failures="8">
  <properties>
    <property name="java.runtime.name" value="Java(TM) SE Runtime Environment"/>
    <property name="sun.boot.library.path" value="C:\Program Files\Java\jdk1.8.0_201\jre\bin"/>
    <property name="java.vm.version" value="25.201-b09"/>
    <property name="java.vm.vendor" value="Oracle Corporation"/>
    <property name="java.vendor.url" value="http://java.oracle.com/"/>
    <property name="path.separator" value=";"/>
    <property name="guice.disable.misplaced.annotation.check" value="true"/>
    <property name="java.vm.name" value="Java HotSpot(TM) Client VM"/>
    <property name="file.encoding.pkg" value="sun.io"/>
    <property name="user.script" value=""/>
    <property name="user.country" value="AR"/>
    <property name="sun.java.launcher" value="SUN_STANDARD"/>
    <property name="sun.os.patch.level" value="Service Pack 1"/>
    <property name="java.vm.specification.name" value="Java Virtual Machine Specification"/>
    <property name="user.dir" value="C:\Users\Administrador\Documents\NetBeansProjects\Normalizacion_PDFs"/>
    <property name="java.runtime.version" value="1.8.0_201-b09"/>
    <property name="java.awt.graphicsenv" value="sun.awt.Win32GraphicsEnvironment"/>
    <property name="java.endorsed.dirs" value="C:\Program Files\Java\jdk1.8.0_201\jre\lib\endorsed"/>
    <property name="os.arch" value="x86"/>
    <property name="java.io.tmpdir" value="C:\Users\ADMINI~1\AppData\Local\Temp\"/>
    <property name="line.separator" value="&#10;"/>
    <property name="java.vm.specification.vendor" value="Oracle Corporation"/>
    <property name="user.variant" value=""/>
    <property name="os.name" value="Windows 7"/>
    <property name="maven.ext.class.path" value="C:\Program Files\NetBeans 8.2\java\maven-nblib\netbeans-eventspy.jar"/>
    <property name="classworlds.conf" value="C:\Program Files\NetBeans 8.2\java\maven\bin\m2.conf"/>
    <property name="sun.jnu.encoding" value="Cp1252"/>
    <property name="java.library.path" value="C:\Program Files\Java\jdk1.8.0_201\bin;C:\Windows\Sun\Java\bin;C:\Windows\system32;C:\Windows;C:\Program Files\Common Files\Oracle\Java\javapath;C:\Program Files\Java\jdk1.8.0_201\bin;C:\Program Files\Common Files\Oracle\Java\javapath;C:\Program Files\Java\jdk1.8.0_201\bin;C:\Program Files\Common Files\Oracle\Java\javapath;C:\Program Files\Java\jdk1.8.0_201\bin;C:\Windows\System32;C:\ProgramData\Oracle\Java\javapath;C:\Windows\system32;C:\Windows;C:\Windows\System32\Wbem;C:\Windows\System32\WindowsPowerShell\v1.0\;C:\Program Files\TortoiseSVN\bin;C:\Program Files\Microsoft SQL Server\120\Tools\Binn\;C:\xampp\php;C:\ProgramData\ComposerSetup\bin;C:\Users\Martin\AppData\Roaming\Composer\vendor\bin;C:\adb;C:\Program Files\Java\jdk1.8.0_201\bin;C:\Program Files\Maven\apache-maven-3.6.0\bin;C:\Program Files\WiX Toolset v3.11\bin;C:\Program Files\gs\gs9.26\bin;C:\ProgramData\Oracle\Java\javapath;C:\Windows\system32;C:\Windows;C:\Windows\System32\Wbem;C:\Windows\System32\WindowsPowerShell\v1.0\;C:\Program Files\TortoiseSVN\bin;C:\Program Files\Microsoft SQL Server\120\Tools\Binn\;C:\xampp\php;C:\ProgramData\ComposerSetup\bin;C:\Users\Martin\AppData\Roaming\Composer\vendor\bin;C:\adb;C:\Program Files\Java\jdk1.8.0_201\bin;C:\Program Files\Maven\apache-maven-3.6.0\bin;C:\Program Files\WiX Toolset v3.11\bin;C:\Program Files\gs\gs9.26\bin;C:\ProgramData\Oracle\Java\javapath;C:\Windows\system32;C:\Windows;C:\Windows\System32\Wbem;C:\Windows\System32\WindowsPowerShell\v1.0\;C:\Program Files\TortoiseSVN\bin;C:\Program Files\Microsoft SQL Server\120\Tools\Binn\;C:\xampp\php;C:\ProgramData\ComposerSetup\bin;C:\Users\Martin\AppData\Roaming\Composer\vendor\bin;C:\adb;C:\Program Files\Java\jdk1.8.0_201\bin;C:\Program Files\Maven\apache-maven-3.6.0\bin;C:\Program Files\WiX Toolset v3.11\bin;C:\Program Files\gs\gs9.26\bin;."/>
    <property name="java.specification.name" value="Java Platform API Specification"/>
    <property name="java.class.version" value="52.0"/>
    <property name="sun.management.compiler" value="HotSpot Client Compiler"/>
    <property name="os.version" value="6.1"/>
    <property name="user.home" value="C:\Users\Administrador"/>
    <property name="user.timezone" value="America/Buenos_Aires"/>
    <property name="java.awt.printerjob" value="sun.awt.windows.WPrinterJob"/>
    <property name="java.specification.version" value="1.8"/>
    <property name="file.encoding" value="UTF-8"/>
    <property name="java.net.useSystemProxies" value="true;-Djava.net.preferIPv4Stack=true"/>
    <property name="user.name" value="Administrador"/>
    <property name="java.class.path" value="C:\Program Files\NetBeans 8.2\java\maven\boot\plexus-classworlds-2.4.jar"/>
    <property name="java.vm.specification.version" value="1.8"/>
    <property name="sun.arch.data.model" value="32"/>
    <property name="java.home" value="C:\Program Files\Java\jdk1.8.0_201\jre"/>
    <property name="sun.java.command" value="org.codehaus.plexus.classworlds.launcher.Launcher -Dmaven.ext.class.path=C:\Program Files\NetBeans 8.2\java\maven-nblib\netbeans-eventspy.jar -Dfile.encoding=UTF-8 -Djava.net.useSystemProxies=true;-Djava.net.preferIPv4Stack=true clean install"/>
    <property name="java.specification.vendor" value="Oracle Corporation"/>
    <property name="user.language" value="es"/>
    <property name="awt.toolkit" value="sun.awt.windows.WToolkit"/>
    <property name="java.vm.info" value="mixed mode, sharing"/>
    <property name="java.version" value="1.8.0_201"/>
    <property name="java.ext.dirs" value="C:\Program Files\Java\jdk1.8.0_201\jre\lib\ext;C:\Windows\Sun\Java\lib\ext"/>
    <property name="sun.boot.class.path" value="C:\Program Files\Java\jdk1.8.0_201\jre\lib\resources.jar;C:\Program Files\Java\jdk1.8.0_201\jre\lib\rt.jar;C:\Program Files\Java\jdk1.8.0_201\jre\lib\sunrsasign.jar;C:\Program Files\Java\jdk1.8.0_201\jre\lib\jsse.jar;C:\Program Files\Java\jdk1.8.0_201\jre\lib\jce.jar;C:\Program Files\Java\jdk1.8.0_201\jre\lib\charsets.jar;C:\Program Files\Java\jdk1.8.0_201\jre\lib\jfr.jar;C:\Program Files\Java\jdk1.8.0_201\jre\classes"/>
    <property name="java.vendor" value="Oracle Corporation"/>
    <property name="maven.home" value="C:\Program Files\NetBeans 8.2\java\maven"/>
    <property name="file.separator" value="\"/>
    <property name="java.vendor.url.bug" value="http://bugreport.sun.com/bugreport/"/>
    <property name="sun.cpu.endian" value="little"/>
    <property name="sun.io.unicode.encoding" value="UnicodeLittle"/>
    <property name="sun.desktop" value="windows"/>
    <property name="sun.cpu.isalist" value="pentium_pro+mmx pentium_pro pentium+mmx pentium i486 i386 i86"/>
  </properties>
  <testcase name="com.dir.inno.normalizacion_pdfs.LectorPDFImpreso47Test.testObtenerRepLegal" classname="com.dir.inno.normalizacion_pdfs.LectorPDFImpreso47Test" time="0.016">
    <failure type="java.lang.NullPointerException">java.lang.NullPointerException
	at com.dir.inno.normalizacion_pdfs.LectorPDFImpreso47Test.testObtenerRepLegal(LectorPDFImpreso47Test.java:277)
</failure>
    <system-out><![CDATA[obtenerRepLegal
]]></system-out>
  </testcase>
  <testcase name="com.dir.inno.normalizacion_pdfs.LectorPDFImpreso47Test.testObtenerActividades" classname="com.dir.inno.normalizacion_pdfs.LectorPDFImpreso47Test" time="0">
    <failure type="java.lang.NullPointerException">java.lang.NullPointerException
	at com.dir.inno.normalizacion_pdfs.LectorPDFImpreso47Test.testObtenerActividades(LectorPDFImpreso47Test.java:233)
</failure>
    <system-out><![CDATA[obtenerActividades
]]></system-out>
  </testcase>
  <testcase name="com.dir.inno.normalizacion_pdfs.LectorPDFImpreso47Test.testObtenerNombre" classname="com.dir.inno.normalizacion_pdfs.LectorPDFImpreso47Test" time="0">
    <failure type="java.lang.NullPointerException">java.lang.NullPointerException
	at com.dir.inno.normalizacion_pdfs.LectorPDFImpreso47Test.testObtenerNombre(LectorPDFImpreso47Test.java:134)
</failure>
    <system-out><![CDATA[obtenerNombre
]]></system-out>
  </testcase>
  <testcase name="com.dir.inno.normalizacion_pdfs.LectorPDFImpreso47Test.testObtenerVersion" classname="com.dir.inno.normalizacion_pdfs.LectorPDFImpreso47Test" time="0">
    <failure type="java.lang.NullPointerException">java.lang.NullPointerException
	at com.dir.inno.normalizacion_pdfs.LectorPDFImpreso47Test.testObtenerVersion(LectorPDFImpreso47Test.java:102)
</failure>
    <system-out><![CDATA[obtenerVersion
]]></system-out>
  </testcase>
  <testcase name="com.dir.inno.normalizacion_pdfs.LectorPDFImpreso47Test.testObtenerConsultor" classname="com.dir.inno.normalizacion_pdfs.LectorPDFImpreso47Test" time="0">
    <failure type="java.lang.NullPointerException">java.lang.NullPointerException
	at com.dir.inno.normalizacion_pdfs.LectorPDFImpreso47Test.testObtenerConsultor(LectorPDFImpreso47Test.java:309)
</failure>
    <system-out><![CDATA[obtenerConsultor
]]></system-out>
  </testcase>
  <testcase name="com.dir.inno.normalizacion_pdfs.LectorPDFImpreso47Test.testObtenerCuit" classname="com.dir.inno.normalizacion_pdfs.LectorPDFImpreso47Test" time="0">
    <failure type="java.lang.NullPointerException">java.lang.NullPointerException
	at com.dir.inno.normalizacion_pdfs.LectorPDFImpreso47Test.testObtenerCuit(LectorPDFImpreso47Test.java:166)
</failure>
    <system-out><![CDATA[obtenerCuit
]]></system-out>
  </testcase>
  <testcase name="com.dir.inno.normalizacion_pdfs.LectorPDFImpreso47Test.testObtenerFechaInicioAct" classname="com.dir.inno.normalizacion_pdfs.LectorPDFImpreso47Test" time="0">
    <failure type="java.lang.NullPointerException">java.lang.NullPointerException
	at com.dir.inno.normalizacion_pdfs.LectorPDFImpreso47Test.testObtenerFechaInicioAct(LectorPDFImpreso47Test.java:200)
</failure>
    <system-out><![CDATA[obtenerFechaInicioAct
]]></system-out>
  </testcase>
  <testcase name="com.dir.inno.normalizacion_pdfs.LectorPDFImpreso47Test.testObtenerNombreArchivoFotoSat" classname="com.dir.inno.normalizacion_pdfs.LectorPDFImpreso47Test" time="0">
    <failure type="java.lang.NullPointerException">java.lang.NullPointerException
	at com.dir.inno.normalizacion_pdfs.LectorPDFImpreso47Test.testObtenerNombreArchivoFotoSat(LectorPDFImpreso47Test.java:341)
</failure>
    <system-out><![CDATA[obtenerNombreArchivoFotoSat
]]></system-out>
  </testcase>
</testsuite>