<?xml version="1.0" encoding="UTF-8"?>
<testsuite xmlns:xsi="http://www.w3.org/2001/XMLSchema-instance" xsi:schemaLocation="https://maven.apache.org/surefire/maven-surefire-plugin/xsd/surefire-test-report.xsd" name="com.dir.inno.normalizacion_pdfs.LectorPDFImpreso47Test" time="6.545" tests="14" errors="2" skipped="0" failures="3">
  <properties>
    <property name="java.runtime.name" value="Java(TM) SE Runtime Environment"/>
    <property name="sun.boot.library.path" value="C:\Program Files\Java\jdk1.8.0_201\jre\bin"/>
    <property name="java.vm.version" value="25.201-b09"/>
    <property name="java.vm.vendor" value="Oracle Corporation"/>
    <property name="maven.multiModuleProjectDirectory" value="E:\Users\MODERNIZACION05\Desktop\tempFormularios\pdfTest"/>
    <property name="java.vendor.url" value="http://java.oracle.com/"/>
    <property name="path.separator" value=";"/>
    <property name="guice.disable.misplaced.annotation.check" value="true"/>
    <property name="java.vm.name" value="Java HotSpot(TM) 64-Bit Server VM"/>
    <property name="file.encoding.pkg" value="sun.io"/>
    <property name="user.script" value=""/>
    <property name="user.country" value="US"/>
    <property name="sun.java.launcher" value="SUN_STANDARD"/>
    <property name="sun.os.patch.level" value=""/>
    <property name="test" value="com.dir.inno.normalizacion_pdfs.LectorPDFImpreso47Test"/>
    <property name="java.vm.specification.name" value="Java Virtual Machine Specification"/>
    <property name="user.dir" value="E:\Users\MODERNIZACION05\Desktop\tempFormularios\pdfTest"/>
    <property name="java.runtime.version" value="1.8.0_201-b09"/>
    <property name="java.awt.graphicsenv" value="sun.awt.Win32GraphicsEnvironment"/>
    <property name="java.endorsed.dirs" value="C:\Program Files\Java\jdk1.8.0_201\jre\lib\endorsed"/>
    <property name="os.arch" value="amd64"/>
    <property name="java.io.tmpdir" value="C:\Users\MODERN~1\AppData\Local\Temp\"/>
    <property name="line.separator" value="&#10;"/>
    <property name="java.vm.specification.vendor" value="Oracle Corporation"/>
    <property name="user.variant" value=""/>
    <property name="os.name" value="Windows 10"/>
    <property name="maven.ext.class.path" value="C:\Program Files\netbeans\java\maven-nblib\netbeans-eventspy.jar"/>
    <property name="classworlds.conf" value="C:\Program Files\netbeans\java\maven\bin\m2.conf"/>
    <property name="sun.jnu.encoding" value="Cp1252"/>
    <property name="java.library.path" value="C:\Program Files\Java\jdk1.8.0_201\bin;C:\Windows\Sun\Java\bin;C:\Windows\system32;C:\Windows;C:\Program Files (x86)\Common Files\Oracle\Java\javapath;C:\Windows\system32;C:\Windows;C:\Windows\System32\Wbem;C:\Windows\System32\WindowsPowerShell\v1.0\;C:\Program Files\TortoiseSVN\bin;C:\Users\MODERNIZACION05\AppData\Local\Microsoft\WindowsApps;."/>
    <property name="java.specification.name" value="Java Platform API Specification"/>
    <property name="java.class.version" value="52.0"/>
    <property name="sun.management.compiler" value="HotSpot 64-Bit Tiered Compilers"/>
    <property name="os.version" value="10.0"/>
    <property name="user.home" value="C:\Users\MODERNIZACION05"/>
    <property name="user.timezone" value="America/Buenos_Aires"/>
    <property name="java.awt.printerjob" value="sun.awt.windows.WPrinterJob"/>
    <property name="java.specification.version" value="1.8"/>
    <property name="file.encoding" value="UTF-8"/>
    <property name="java.net.useSystemProxies" value="true;-Djava.net.preferIPv4Stack=true"/>
    <property name="user.name" value="MODERNIZACION05"/>
    <property name="java.class.path" value="C:\Program Files\netbeans\java\maven\boot\plexus-classworlds-2.5.2.jar"/>
    <property name="java.vm.specification.version" value="1.8"/>
    <property name="sun.arch.data.model" value="64"/>
    <property name="java.home" value="C:\Program Files\Java\jdk1.8.0_201\jre"/>
    <property name="sun.java.command" value="org.codehaus.plexus.classworlds.launcher.Launcher -Dtest=com.dir.inno.normalizacion_pdfs.LectorPDFImpreso47Test -Dmaven.ext.class.path=C:\Program Files\netbeans\java\maven-nblib\netbeans-eventspy.jar -Dfile.encoding=UTF-8 -Djava.net.useSystemProxies=true;-Djava.net.preferIPv4Stack=true surefire:test"/>
    <property name="java.specification.vendor" value="Oracle Corporation"/>
    <property name="user.language" value="en"/>
    <property name="awt.toolkit" value="sun.awt.windows.WToolkit"/>
    <property name="java.vm.info" value="mixed mode"/>
    <property name="java.version" value="1.8.0_201"/>
    <property name="java.ext.dirs" value="C:\Program Files\Java\jdk1.8.0_201\jre\lib\ext;C:\Windows\Sun\Java\lib\ext"/>
    <property name="sun.boot.class.path" value="C:\Program Files\Java\jdk1.8.0_201\jre\lib\resources.jar;C:\Program Files\Java\jdk1.8.0_201\jre\lib\rt.jar;C:\Program Files\Java\jdk1.8.0_201\jre\lib\sunrsasign.jar;C:\Program Files\Java\jdk1.8.0_201\jre\lib\jsse.jar;C:\Program Files\Java\jdk1.8.0_201\jre\lib\jce.jar;C:\Program Files\Java\jdk1.8.0_201\jre\lib\charsets.jar;C:\Program Files\Java\jdk1.8.0_201\jre\lib\jfr.jar;C:\Program Files\Java\jdk1.8.0_201\jre\classes"/>
    <property name="java.vendor" value="Oracle Corporation"/>
    <property name="maven.home" value="C:\Program Files\netbeans\java\maven"/>
    <property name="file.separator" value="\"/>
    <property name="java.vendor.url.bug" value="http://bugreport.sun.com/bugreport/"/>
    <property name="sun.cpu.endian" value="little"/>
    <property name="sun.io.unicode.encoding" value="UnicodeLittle"/>
    <property name="sun.desktop" value="windows"/>
    <property name="sun.cpu.isalist" value="amd64"/>
  </properties>
  <testcase name="testObtenerCuit" classname="com.dir.inno.normalizacion_pdfs.LectorPDFImpreso47Test" time="1.584"/>
  <testcase name="testObtenerConsultor" classname="com.dir.inno.normalizacion_pdfs.LectorPDFImpreso47Test" time="0.626"/>
  <testcase name="testSkipBlank" classname="com.dir.inno.normalizacion_pdfs.LectorPDFImpreso47Test" time="0.581">
    <error type="java.lang.NullPointerException">java.lang.NullPointerException
	at com.dir.inno.normalizacion_pdfs.LectorPDFImpreso47Test.testSkipBlank(LectorPDFImpreso47Test.java:565)
</error>
    <system-out><![CDATA[skipBlank
]]></system-out>
  </testcase>
  <testcase name="testObtenerNombreArchivoFotoSat" classname="com.dir.inno.normalizacion_pdfs.LectorPDFImpreso47Test" time="0.456"/>
  <testcase name="testObtenerFechaInicioAct" classname="com.dir.inno.normalizacion_pdfs.LectorPDFImpreso47Test" time="0.414"/>
  <testcase name="testObtenerRepLegal" classname="com.dir.inno.normalizacion_pdfs.LectorPDFImpreso47Test" time="0.347"/>
  <testcase name="testObtenerAdministradores" classname="com.dir.inno.normalizacion_pdfs.LectorPDFImpreso47Test" time="0.311"/>
  <testcase name="testReadField" classname="com.dir.inno.normalizacion_pdfs.LectorPDFImpreso47Test" time="0.32">
    <error type="java.lang.NullPointerException">java.lang.NullPointerException
	at com.dir.inno.normalizacion_pdfs.LectorPDFImpreso47Test.testReadField(LectorPDFImpreso47Test.java:579)
</error>
    <system-out><![CDATA[readField
]]></system-out>
  </testcase>
  <testcase name="testObtenerDomicilioConst" classname="com.dir.inno.normalizacion_pdfs.LectorPDFImpreso47Test" time="0.324">
    <failure message="expected: &lt;CalleDomicilioConstituido nºcalle, Piso null, Depto 2,&#10;Localidaddomconstituido, Departamentodomicilioconst, Entre Ríos&#10;CP codPost&#10;Tel.: 3414567897&#10;E-mail: domicilioConstituido@mail.com&gt; but was: &lt;CalleDomicilioConstituido nºcalle, Piso 2, Depto null,&#10;Localidaddomconstituido, Departamentodomicilioconst, Entre Ríos&#10;CP codPost&#10;Tel.: 3414567897&#10;E-mail: domicilioConstituido@mail.com&gt;" type="org.opentest4j.AssertionFailedError"><![CDATA[org.opentest4j.AssertionFailedError: 
expected: <CalleDomicilioConstituido nºcalle, Piso null, Depto 2,
Localidaddomconstituido, Departamentodomicilioconst, Entre Ríos
CP codPost
Tel.: 3414567897
E-mail: domicilioConstituido@mail.com> but was: <CalleDomicilioConstituido nºcalle, Piso 2, Depto null,
Localidaddomconstituido, Departamentodomicilioconst, Entre Ríos
CP codPost
Tel.: 3414567897
E-mail: domicilioConstituido@mail.com>
	at com.dir.inno.normalizacion_pdfs.LectorPDFImpreso47Test.testObtenerDomicilioConst(LectorPDFImpreso47Test.java:378)
]]></failure>
    <system-out><![CDATA[obtenerDomicilioConst
]]></system-out>
  </testcase>
  <testcase name="testObtenerDomicilioLegal" classname="com.dir.inno.normalizacion_pdfs.LectorPDFImpreso47Test" time="0.341">
    <failure message="expected: &lt;CalleDomicilioLegal nºcalle, Piso null, Depto 2,&#10;Localidaddomlegal, Dptodomlegal, Entre Ríos&#10;CP codPost&#10;Tel.: 3414567897&#10;E-mail: domiciliolegal@mail.com&gt; but was: &lt;CalleDomicilioLegal nºcalle, Piso 2, Depto null,&#10;Localidaddomlegal, Dptodomlegal, Entre Ríos&#10;CP codPost&#10;Tel.: 3414567897&#10;E-mail: domiciliolegal@mail.com&gt;" type="org.opentest4j.AssertionFailedError"><![CDATA[org.opentest4j.AssertionFailedError: 
expected: <CalleDomicilioLegal nºcalle, Piso null, Depto 2,
Localidaddomlegal, Dptodomlegal, Entre Ríos
CP codPost
Tel.: 3414567897
E-mail: domiciliolegal@mail.com> but was: <CalleDomicilioLegal nºcalle, Piso 2, Depto null,
Localidaddomlegal, Dptodomlegal, Entre Ríos
CP codPost
Tel.: 3414567897
E-mail: domiciliolegal@mail.com>
	at com.dir.inno.normalizacion_pdfs.LectorPDFImpreso47Test.testObtenerDomicilioLegal(LectorPDFImpreso47Test.java:322)
]]></failure>
    <system-out><![CDATA[obtenerDomicilioLegal
]]></system-out>
  </testcase>
  <testcase name="testObtenerDomicilioReal" classname="com.dir.inno.normalizacion_pdfs.LectorPDFImpreso47Test" time="0.316">
    <failure message="expected: &lt;CalleDomRealPlanta numDomRealPlant, Piso null, Depto 2,&#10;Rosario, Rosario, Santa Fe&#10;CP 2000&#10;Tel.: Telefono/Fax&#10;Zonificacion: Parque Industrial&#10;E-mail: emaildomrealplanta@mail.com&gt; but was: &lt;CalleDomRealPlanta numDomRealPlant, Piso 2, Depto null,&#10;Rosario, Rosario, Santa Fe&#10;CP 2000&#10;Tel.: Telefono/Fax&#10;Zonificacion: Parque Industrial&#10;E-mail: emaildomrealplanta@mail.com&gt;" type="org.opentest4j.AssertionFailedError"><![CDATA[org.opentest4j.AssertionFailedError: 
expected: <CalleDomRealPlanta numDomRealPlant, Piso null, Depto 2,
Rosario, Rosario, Santa Fe
CP 2000
Tel.: Telefono/Fax
Zonificacion: Parque Industrial
E-mail: emaildomrealplanta@mail.com> but was: <CalleDomRealPlanta numDomRealPlant, Piso 2, Depto null,
Rosario, Rosario, Santa Fe
CP 2000
Tel.: Telefono/Fax
Zonificacion: Parque Industrial
E-mail: emaildomrealplanta@mail.com>
	at com.dir.inno.normalizacion_pdfs.LectorPDFImpreso47Test.testObtenerDomicilioReal(LectorPDFImpreso47Test.java:503)
]]></failure>
    <system-out><![CDATA[obtenerDomicilioReal
]]></system-out>
  </testcase>
  <testcase name="testObtenerActividades" classname="com.dir.inno.normalizacion_pdfs.LectorPDFImpreso47Test" time="0.314"/>
  <testcase name="testObtenerVersion" classname="com.dir.inno.normalizacion_pdfs.LectorPDFImpreso47Test" time="0.29"/>
  <testcase name="testObtenerNombre" classname="com.dir.inno.normalizacion_pdfs.LectorPDFImpreso47Test" time="0.312"/>
</testsuite>